<?xml version="1.0" encoding="UTF-8"?>
<testng-results ignored="0" total="2" passed="2" failed="0" skipped="0">
  <reporter-output>
  </reporter-output>
  <suite started-at="2022-10-20T00:53:58 IST" name="Suite" finished-at="2022-10-20T00:53:58 IST" duration-ms="393">
    <groups>
    </groups>
    <test started-at="2022-10-20T00:53:58 IST" name="Test" finished-at="2022-10-20T00:53:58 IST" duration-ms="393">
      <class name="ExtentReportsBasics.OptimisedTC2">
        <test-method is-config="true" signature="setup()[pri:0, instance:ExtentReportsBasics.OptimisedTC2@3d5c822d]" started-at="2022-10-20T00:53:58 IST" name="setup" finished-at="2022-10-20T00:53:58 IST" duration-ms="0" status="PASS">
          <reporter-output>
          </reporter-output>
        </test-method> <!-- setup -->
        <test-method signature="testB()[pri:0, instance:ExtentReportsBasics.OptimisedTC2@3d5c822d]" started-at="2022-10-20T00:53:58 IST" name="testB" finished-at="2022-10-20T00:53:58 IST" duration-ms="4" status="PASS">
          <reporter-output>
          </reporter-output>
        </test-method> <!-- testB -->
        <test-method is-config="true" signature="endTest()[pri:0, instance:ExtentReportsBasics.OptimisedTC2@3d5c822d]" started-at="2022-10-20T00:53:58 IST" name="endTest" finished-at="2022-10-20T00:53:58 IST" duration-ms="0" status="PASS">
          <reporter-output>
          </reporter-output>
        </test-method> <!-- endTest -->
      </class> <!-- ExtentReportsBasics.OptimisedTC2 -->
      <class name="ExtentReportsBasics.OptimisedTC1">
        <test-method is-config="true" signature="setup()[pri:0, instance:ExtentReportsBasics.OptimisedTC1@3c73951]" started-at="2022-10-20T00:53:58 IST" name="setup" finished-at="2022-10-20T00:53:58 IST" duration-ms="11" status="PASS">
          <reporter-output>
          </reporter-output>
        </test-method> <!-- setup -->
        <test-method signature="testA()[pri:0, instance:ExtentReportsBasics.OptimisedTC1@3c73951]" started-at="2022-10-20T00:53:58 IST" name="testA" finished-at="2022-10-20T00:53:58 IST" duration-ms="8" status="PASS">
          <reporter-output>
          </reporter-output>
        </test-method> <!-- testA -->
        <test-method is-config="true" signature="endTest()[pri:0, instance:ExtentReportsBasics.OptimisedTC1@3c73951]" started-at="2022-10-20T00:53:58 IST" name="endTest" finished-at="2022-10-20T00:53:58 IST" duration-ms="0" status="PASS">
          <reporter-output>
          </reporter-output>
        </test-method> <!-- endTest -->
      </class> <!-- ExtentReportsBasics.OptimisedTC1 -->
    </test> <!-- Test -->
  </suite> <!-- Suite -->
</testng-results>
